<?xml version="1.0" encoding="UTF-8"?>
<!-- Generated by org.testng.reporters.JUnitReportReporter -->
<testsuite hostname="DESKTOP-VTA950V" failures="0" tests="2" name="MavenProjectFramework.tests.ErrorValidationTest" time="18.766" errors="0" timestamp="2023-10-24T13:02:40 BST" skipped="0">
  <testcase classname="MavenProjectFramework.tests.ErrorValidationTest" name="LoginError" time="6.953"/>
  <testcase classname="MavenProjectFramework.tests.ErrorValidationTest" name="productError" time="11.813"/>
</testsuite> <!-- MavenProjectFramework.tests.ErrorValidationTest -->
