<?xml version="1.0" encoding="UTF-8"?>
<!-- Generated by org.testng.reporters.JUnitReportReporter -->
<testsuite hostname="DESKTOP-VTA950V" failures="0" tests="1" name="MavenProjectFramework.tests.ErrorValidation" time="14.856" errors="0" timestamp="2023-10-26T17:39:38 BST" skipped="0">
  <testcase classname="MavenProjectFramework.tests.ErrorValidation" name="productError" time="14.856"/>
</testsuite> <!-- MavenProjectFramework.tests.ErrorValidation -->
