<?xml version="1.0" encoding="UTF-8"?>
<!-- Generated by org.testng.reporters.JUnitReportReporter -->
<testsuite hostname="DESKTOP-VTA950V" failures="0" tests="2" name="CucumberFramework.TestRunn" time="20.047" errors="0" timestamp="2023-10-27T09:14:51 BST" skipped="0">
  <testcase classname="CucumberFramework.TestRunn" name="runScenario" time="9.229"/>
  <testcase classname="CucumberFramework.TestRunn" name="runScenario" time="10.818"/>
</testsuite> <!-- CucumberFramework.TestRunn -->
