<?xml version="1.0" encoding="UTF-8"?>
<!-- Generated by org.testng.reporters.JUnitReportReporter -->
<testsuite hostname="DESKTOP-VTA950V" failures="0" tests="1" name="MavenProjectFramework.tests.ProjectDemo_streams2" time="16.031" errors="0" timestamp="2023-10-19T15:45:55 BST" skipped="0">
  <testcase classname="MavenProjectFramework.tests.ProjectDemo_streams2" name="PlaceOrder" time="16.031"/>
</testsuite> <!-- MavenProjectFramework.tests.ProjectDemo_streams2 -->
