<?xml version="1.0" encoding="UTF-8"?>
<!-- Generated by org.testng.reporters.JUnitReportReporter -->
<testsuite hostname="DESKTOP-VTA950V" failures="0" tests="2" name="MavenProjectFramework.tests.PositiveScenario" time="23.316" errors="0" timestamp="2023-10-24T13:02:40 BST" skipped="0">
  <testcase classname="MavenProjectFramework.tests.PositiveScenario" name="PlaceOrder" time="14.627"/>
  <testcase classname="MavenProjectFramework.tests.PositiveScenario" name="AlaceOrder1" time="8.689"/>
</testsuite> <!-- MavenProjectFramework.tests.PositiveScenario -->
