<?xml version="1.0" encoding="UTF-8"?>
<!-- Generated by org.testng.reporters.JUnitReportReporter -->
<testsuite hostname="DESKTOP-VTA950V" failures="0" tests="2" name="MavenProjectFramework.tests.PositiveScenario" time="26.492" errors="0" timestamp="2023-10-25T11:57:45 BST" skipped="0">
  <testcase classname="MavenProjectFramework.tests.PositiveScenario" name="AlaceOrder1" time="9.989"/>
  <testcase classname="MavenProjectFramework.tests.PositiveScenario" name="PlaceOrder" time="16.503"/>
</testsuite> <!-- MavenProjectFramework.tests.PositiveScenario -->
